v0.2
    * 添加Link逻辑
    * 完成信息收集
    * 统一代码风格（可能会漏一点）
    * 修改控制逻辑
        * Creep的行为不再由controller控制，改由Team控制
        * 从Role的行为中去除Task，改由Team对Task的调用
        * Creep的重生改由Team控制，并修改Spawner的队列逻辑
        * 添加了外矿的文件但为实现
    * 修改部分bug（好像有吧）

v0.2.1
    * 添加了immigrant(移民)队伍类型，逻辑细节待优化
    * 为部分函数添加可选的room参数，未指定则使用Creep所在房间
    * 调整Spawn控制逻辑，对多Spawn适配
    * 取消了采集任务的位置限制，基本上只要Source和容器距离不大于2都会找到一个合适的位置
    * 将roomer的逻辑移至默认逻辑
    * 添加了outer的部分逻辑，但未完成
    * 统一代码风格（可能会漏一点）
        * 将双引号改为单引号
    * bug修复
        * 未设置目标距离导致rawHarvest无法正常工作
        * harvester的默认逻辑中没有可供给建筑时能量采满不会停止采集
        * repairer在刷墙模式下且房间内没有墙时报NPE

v0.3
    * 重构Team系统，会在tick开始时从内存初始化Team对象
    * 对职业系统进行修改
        * 将carrier的默认逻辑作为supplier独立出来
        * builder在空闲时不再升级而是维修或刷墙
        * repairer的逻辑已转移至builder中
        * 添加cleaner来回收墓碑、废墟和掉落的资源
        * 添加worker来进行前期工作，顺序为供应->修建->升级
    * 添加市场相关逻辑（部分硬编码）
    * 将内存相关的类型声明文件独立出来
    * link任务添加emptyOnly参数，仅当目标link为空时才会传输
    * 添加简单boost逻辑
    * 添加简单多spawn逻辑
    * 修复部分bug（具体记不清了）

